Started GET "/" for ::1 at 2020-07-21 13:31:37 -0600
  [1m[35m (2.5ms)[0m  [1m[34mSELECT sqlite_version(*)[0m
  
ActiveRecord::PendingMigrationError (

Migrations are pending. To resolve this issue, run:

        rails db:migrate RAILS_ENV=development

):
  
activerecord (6.0.3.2) lib/active_record/migration.rb:586:in `check_pending!'
activerecord (6.0.3.2) lib/active_record/migration.rb:564:in `call'
actionpack (6.0.3.2) lib/action_dispatch/middleware/callbacks.rb:27:in `block in call'
activesupport (6.0.3.2) lib/active_support/callbacks.rb:101:in `run_callbacks'
actionpack (6.0.3.2) lib/action_dispatch/middleware/callbacks.rb:26:in `call'
actionpack (6.0.3.2) lib/action_dispatch/middleware/executor.rb:14:in `call'
actionpack (6.0.3.2) lib/action_dispatch/middleware/actionable_exceptions.rb:17:in `call'
actionpack (6.0.3.2) lib/action_dispatch/middleware/debug_exceptions.rb:32:in `call'
actionpack (6.0.3.2) lib/action_dispatch/middleware/show_exceptions.rb:33:in `call'
railties (6.0.3.2) lib/rails/rack/logger.rb:37:in `call_app'
railties (6.0.3.2) lib/rails/rack/logger.rb:26:in `block in call'
activesupport (6.0.3.2) lib/active_support/tagged_logging.rb:80:in `block in tagged'
activesupport (6.0.3.2) lib/active_support/tagged_logging.rb:28:in `tagged'
activesupport (6.0.3.2) lib/active_support/tagged_logging.rb:80:in `tagged'
railties (6.0.3.2) lib/rails/rack/logger.rb:26:in `call'
actionpack (6.0.3.2) lib/action_dispatch/middleware/remote_ip.rb:81:in `call'
actionpack (6.0.3.2) lib/action_dispatch/middleware/request_id.rb:27:in `call'
rack (2.2.3) lib/rack/runtime.rb:22:in `call'
activesupport (6.0.3.2) lib/active_support/cache/strategy/local_cache_middleware.rb:29:in `call'
actionpack (6.0.3.2) lib/action_dispatch/middleware/executor.rb:14:in `call'
actionpack (6.0.3.2) lib/action_dispatch/middleware/static.rb:126:in `call'
rack (2.2.3) lib/rack/sendfile.rb:110:in `call'
actionpack (6.0.3.2) lib/action_dispatch/middleware/host_authorization.rb:82:in `call'
rack-cors (1.1.1) lib/rack/cors.rb:100:in `call'
railties (6.0.3.2) lib/rails/engine.rb:527:in `call'
puma (4.3.5) lib/puma/configuration.rb:228:in `call'
puma (4.3.5) lib/puma/server.rb:713:in `handle_request'
puma (4.3.5) lib/puma/server.rb:472:in `process_client'
puma (4.3.5) lib/puma/server.rb:328:in `block in run'
puma (4.3.5) lib/puma/thread_pool.rb:134:in `block in spawn_thread'
Started GET "//weather_conditions" for ::1 at 2020-07-21 13:31:48 -0600
  
ActiveRecord::PendingMigrationError (

Migrations are pending. To resolve this issue, run:

        rails db:migrate RAILS_ENV=development

):
  
activerecord (6.0.3.2) lib/active_record/migration.rb:586:in `check_pending!'
activerecord (6.0.3.2) lib/active_record/migration.rb:564:in `call'
actionpack (6.0.3.2) lib/action_dispatch/middleware/callbacks.rb:27:in `block in call'
activesupport (6.0.3.2) lib/active_support/callbacks.rb:101:in `run_callbacks'
actionpack (6.0.3.2) lib/action_dispatch/middleware/callbacks.rb:26:in `call'
actionpack (6.0.3.2) lib/action_dispatch/middleware/executor.rb:14:in `call'
actionpack (6.0.3.2) lib/action_dispatch/middleware/actionable_exceptions.rb:17:in `call'
actionpack (6.0.3.2) lib/action_dispatch/middleware/debug_exceptions.rb:32:in `call'
actionpack (6.0.3.2) lib/action_dispatch/middleware/show_exceptions.rb:33:in `call'
railties (6.0.3.2) lib/rails/rack/logger.rb:37:in `call_app'
railties (6.0.3.2) lib/rails/rack/logger.rb:26:in `block in call'
activesupport (6.0.3.2) lib/active_support/tagged_logging.rb:80:in `block in tagged'
activesupport (6.0.3.2) lib/active_support/tagged_logging.rb:28:in `tagged'
activesupport (6.0.3.2) lib/active_support/tagged_logging.rb:80:in `tagged'
railties (6.0.3.2) lib/rails/rack/logger.rb:26:in `call'
actionpack (6.0.3.2) lib/action_dispatch/middleware/remote_ip.rb:81:in `call'
actionpack (6.0.3.2) lib/action_dispatch/middleware/request_id.rb:27:in `call'
rack (2.2.3) lib/rack/runtime.rb:22:in `call'
activesupport (6.0.3.2) lib/active_support/cache/strategy/local_cache_middleware.rb:29:in `call'
actionpack (6.0.3.2) lib/action_dispatch/middleware/executor.rb:14:in `call'
actionpack (6.0.3.2) lib/action_dispatch/middleware/static.rb:126:in `call'
rack (2.2.3) lib/rack/sendfile.rb:110:in `call'
actionpack (6.0.3.2) lib/action_dispatch/middleware/host_authorization.rb:82:in `call'
rack-cors (1.1.1) lib/rack/cors.rb:100:in `call'
railties (6.0.3.2) lib/rails/engine.rb:527:in `call'
puma (4.3.5) lib/puma/configuration.rb:228:in `call'
puma (4.3.5) lib/puma/server.rb:713:in `handle_request'
puma (4.3.5) lib/puma/server.rb:472:in `process_client'
puma (4.3.5) lib/puma/server.rb:328:in `block in run'
puma (4.3.5) lib/puma/thread_pool.rb:134:in `block in spawn_thread'
Started GET "/weather_conditions" for ::1 at 2020-07-21 13:31:54 -0600
  
ActiveRecord::PendingMigrationError (

Migrations are pending. To resolve this issue, run:

        rails db:migrate RAILS_ENV=development

):
  
activerecord (6.0.3.2) lib/active_record/migration.rb:586:in `check_pending!'
activerecord (6.0.3.2) lib/active_record/migration.rb:564:in `call'
actionpack (6.0.3.2) lib/action_dispatch/middleware/callbacks.rb:27:in `block in call'
activesupport (6.0.3.2) lib/active_support/callbacks.rb:101:in `run_callbacks'
actionpack (6.0.3.2) lib/action_dispatch/middleware/callbacks.rb:26:in `call'
actionpack (6.0.3.2) lib/action_dispatch/middleware/executor.rb:14:in `call'
actionpack (6.0.3.2) lib/action_dispatch/middleware/actionable_exceptions.rb:17:in `call'
actionpack (6.0.3.2) lib/action_dispatch/middleware/debug_exceptions.rb:32:in `call'
actionpack (6.0.3.2) lib/action_dispatch/middleware/show_exceptions.rb:33:in `call'
railties (6.0.3.2) lib/rails/rack/logger.rb:37:in `call_app'
railties (6.0.3.2) lib/rails/rack/logger.rb:26:in `block in call'
activesupport (6.0.3.2) lib/active_support/tagged_logging.rb:80:in `block in tagged'
activesupport (6.0.3.2) lib/active_support/tagged_logging.rb:28:in `tagged'
activesupport (6.0.3.2) lib/active_support/tagged_logging.rb:80:in `tagged'
railties (6.0.3.2) lib/rails/rack/logger.rb:26:in `call'
actionpack (6.0.3.2) lib/action_dispatch/middleware/remote_ip.rb:81:in `call'
actionpack (6.0.3.2) lib/action_dispatch/middleware/request_id.rb:27:in `call'
rack (2.2.3) lib/rack/runtime.rb:22:in `call'
activesupport (6.0.3.2) lib/active_support/cache/strategy/local_cache_middleware.rb:29:in `call'
actionpack (6.0.3.2) lib/action_dispatch/middleware/executor.rb:14:in `call'
actionpack (6.0.3.2) lib/action_dispatch/middleware/static.rb:126:in `call'
rack (2.2.3) lib/rack/sendfile.rb:110:in `call'
actionpack (6.0.3.2) lib/action_dispatch/middleware/host_authorization.rb:82:in `call'
rack-cors (1.1.1) lib/rack/cors.rb:100:in `call'
railties (6.0.3.2) lib/rails/engine.rb:527:in `call'
puma (4.3.5) lib/puma/configuration.rb:228:in `call'
puma (4.3.5) lib/puma/server.rb:713:in `handle_request'
puma (4.3.5) lib/puma/server.rb:472:in `process_client'
puma (4.3.5) lib/puma/server.rb:328:in `block in run'
puma (4.3.5) lib/puma/thread_pool.rb:134:in `block in spawn_thread'
Started GET "/weather_conditions" for ::1 at 2020-07-21 13:32:47 -0600
Processing by WeatherConditionsController#index as HTML
Completed 500 Internal Server Error in 2ms (ActiveRecord: 0.0ms | Allocations: 1119)


  
NoMethodError (undefined method `gsub' for {:params=>[:zipcode]}:Hash):
  
app/services/open_weather_service.rb:3:in `weather_search'
app/controllers/weather_conditions_controller.rb:5:in `index'
Started GET "/favicon.ico" for ::1 at 2020-07-21 13:32:47 -0600
  
ActionController::RoutingError (No route matches [GET] "/favicon.ico"):
  
actionpack (6.0.3.2) lib/action_dispatch/middleware/debug_exceptions.rb:36:in `call'
actionpack (6.0.3.2) lib/action_dispatch/middleware/show_exceptions.rb:33:in `call'
railties (6.0.3.2) lib/rails/rack/logger.rb:37:in `call_app'
railties (6.0.3.2) lib/rails/rack/logger.rb:26:in `block in call'
activesupport (6.0.3.2) lib/active_support/tagged_logging.rb:80:in `block in tagged'
activesupport (6.0.3.2) lib/active_support/tagged_logging.rb:28:in `tagged'
activesupport (6.0.3.2) lib/active_support/tagged_logging.rb:80:in `tagged'
railties (6.0.3.2) lib/rails/rack/logger.rb:26:in `call'
actionpack (6.0.3.2) lib/action_dispatch/middleware/remote_ip.rb:81:in `call'
actionpack (6.0.3.2) lib/action_dispatch/middleware/request_id.rb:27:in `call'
rack (2.2.3) lib/rack/runtime.rb:22:in `call'
activesupport (6.0.3.2) lib/active_support/cache/strategy/local_cache_middleware.rb:29:in `call'
actionpack (6.0.3.2) lib/action_dispatch/middleware/executor.rb:14:in `call'
actionpack (6.0.3.2) lib/action_dispatch/middleware/static.rb:126:in `call'
rack (2.2.3) lib/rack/sendfile.rb:110:in `call'
actionpack (6.0.3.2) lib/action_dispatch/middleware/host_authorization.rb:82:in `call'
rack-cors (1.1.1) lib/rack/cors.rb:100:in `call'
railties (6.0.3.2) lib/rails/engine.rb:527:in `call'
puma (4.3.5) lib/puma/configuration.rb:228:in `call'
puma (4.3.5) lib/puma/server.rb:713:in `handle_request'
puma (4.3.5) lib/puma/server.rb:472:in `process_client'
puma (4.3.5) lib/puma/server.rb:328:in `block in run'
puma (4.3.5) lib/puma/thread_pool.rb:134:in `block in spawn_thread'
Started GET "/weather_conditions?q=80021" for ::1 at 2020-07-21 13:33:10 -0600
Processing by WeatherConditionsController#index as HTML
  Parameters: {"q"=>"80021"}
Completed 500 Internal Server Error in 1ms (ActiveRecord: 0.0ms | Allocations: 925)


  
NoMethodError (undefined method `gsub' for {:params=>[:zipcode]}:Hash):
  
app/services/open_weather_service.rb:3:in `weather_search'
app/controllers/weather_conditions_controller.rb:5:in `index'
Started GET "/weather_conditions?q=80021" for ::1 at 2020-07-21 13:33:15 -0600
Processing by WeatherConditionsController#index as HTML
  Parameters: {"q"=>"80021"}
Completed 500 Internal Server Error in 1ms (ActiveRecord: 0.0ms | Allocations: 926)


  
NoMethodError (undefined method `gsub' for {:params=>[:zipcode]}:Hash):
  
app/services/open_weather_service.rb:3:in `weather_search'
app/controllers/weather_conditions_controller.rb:5:in `index'
Started GET "/weather_conditions?q=zipcode=80021" for ::1 at 2020-07-21 13:33:33 -0600
Processing by WeatherConditionsController#index as HTML
  Parameters: {"q"=>"zipcode=80021"}
Completed 500 Internal Server Error in 3ms (ActiveRecord: 0.0ms | Allocations: 926)


  
NoMethodError (undefined method `gsub' for {:params=>[:zipcode]}:Hash):
  
app/services/open_weather_service.rb:3:in `weather_search'
app/controllers/weather_conditions_controller.rb:5:in `index'
Started GET "/weather_conditions?q=zipcode=80021" for ::1 at 2020-07-21 13:34:32 -0600
  [1m[35m (0.1ms)[0m  [1m[34mSELECT sqlite_version(*)[0m
Processing by WeatherConditionsController#index as HTML
  Parameters: {"q"=>"zipcode=80021"}
Completed 500 Internal Server Error in 136ms (ActiveRecord: 0.0ms | Allocations: 2008)


  
NameError (undefined local variable or method `body' for #<OpenWeatherService:0x00007f9c2ae87f88>):
  
app/services/open_weather_service.rb:4:in `weather_search'
app/controllers/weather_conditions_controller.rb:3:in `index'
Started GET "/weather_conditions?q=zipcode=80021" for ::1 at 2020-07-21 13:34:54 -0600
  [1m[35m (0.1ms)[0m  [1m[34mSELECT sqlite_version(*)[0m
Processing by WeatherConditionsController#index as HTML
  Parameters: {"q"=>"zipcode=80021"}
Completed 500 Internal Server Error in 129ms (ActiveRecord: 0.0ms | Allocations: 1289)


  
TypeError (no implicit conversion of Excon::Response into String):
  
app/services/open_weather_service.rb:4:in `weather_search'
app/controllers/weather_conditions_controller.rb:3:in `index'
Started GET "/weather_conditions?q=zipcode=80021" for ::1 at 2020-07-21 13:35:31 -0600
  [1m[35m (0.1ms)[0m  [1m[34mSELECT sqlite_version(*)[0m
Processing by WeatherConditionsController#index as HTML
  Parameters: {"q"=>"zipcode=80021"}
Completed 500 Internal Server Error in 127ms (ActiveRecord: 0.0ms | Allocations: 1976)


  
NoMethodError (undefined method `stringify' for JSON:Module):
  
app/services/open_weather_service.rb:4:in `weather_search'
app/controllers/weather_conditions_controller.rb:3:in `index'
Started GET "/weather_conditions?q=zipcode=80021" for ::1 at 2020-07-21 13:36:05 -0600
  [1m[35m (0.1ms)[0m  [1m[34mSELECT sqlite_version(*)[0m
Processing by WeatherConditionsController#index as HTML
  Parameters: {"q"=>"zipcode=80021"}
Completed 500 Internal Server Error in 69829ms (ActiveRecord: 0.0ms | Allocations: 77828)


  
SystemExit (exit):
  
(byebug):1:in `exit'
(byebug):1:in `weather_search'
app/services/open_weather_service.rb:5:in `weather_search'
app/controllers/weather_conditions_controller.rb:3:in `index'
Started GET "/weather_conditions" for ::1 at 2020-07-21 13:40:38 -0600
  [1m[35m (1.6ms)[0m  [1m[34mSELECT sqlite_version(*)[0m
Processing by WeatherConditionsController#index as */*
Completed 500 Internal Server Error in 113006ms (ActiveRecord: 0.0ms | Allocations: 43930)


  
SystemExit (exit):
  
(byebug):1:in `exit'
(byebug):1:in `weather_search'
app/services/open_weather_service.rb:5:in `weather_search'
app/controllers/weather_conditions_controller.rb:3:in `index'
Started GET "/weather_conditions" for ::1 at 2020-07-21 13:42:32 -0600
Processing by WeatherConditionsController#index as */*
Completed 500 Internal Server Error in 4213ms (ActiveRecord: 0.0ms | Allocations: 138150)


  
SystemExit (exit):
  
(byebug):1:in `exit'
(byebug):1:in `weather_search'
app/services/open_weather_service.rb:5:in `weather_search'
app/controllers/weather_conditions_controller.rb:3:in `index'
Started GET "/weather_conditions" for ::1 at 2020-07-21 13:44:12 -0600
Processing by WeatherConditionsController#index as */*
Completed 500 Internal Server Error in 148122ms (ActiveRecord: 0.0ms | Allocations: 158122)


  
SystemExit (exit):
  
(byebug):1:in `exit'
(byebug):1:in `weather_search'
app/services/open_weather_service.rb:5:in `weather_search'
app/controllers/weather_conditions_controller.rb:3:in `index'
Started GET "/weather_conditions?q=zipcode=80021" for ::1 at 2020-07-21 13:46:41 -0600
Started GET "/weather_conditions" for ::1 at 2020-07-21 13:46:41 -0600
  [1m[35m (3.9ms)[0m  [1m[34mSELECT sqlite_version(*)[0m
  [1m[35m (4.0ms)[0m  [1m[34mSELECT sqlite_version(*)[0m
Processing by WeatherConditionsController#index as */*
Processing by WeatherConditionsController#index as */*
  Parameters: {"q"=>"zipcode=80021"}
Completed 500 Internal Server Error in 30113ms (ActiveRecord: 0.0ms | Allocations: 391048)


  
SystemExit (exit):
  
(byebug):1:in `exit'
(byebug):1:in `weather_search'
app/services/open_weather_service.rb:5:in `weather_search'
app/controllers/weather_conditions_controller.rb:3:in `index'
Completed 500 Internal Server Error in 33811ms (ActiveRecord: 0.0ms | Allocations: 10871036)


  
SystemExit (exit):
  
(byebug):1:in `exit'
(byebug):1:in `weather_search'
app/services/open_weather_service.rb:5:in `weather_search'
app/controllers/weather_conditions_controller.rb:3:in `index'
Started GET "/weather_conditions?q=zipcode=80021" for ::1 at 2020-07-21 13:47:29 -0600
Processing by WeatherConditionsController#index as */*
  Parameters: {"q"=>"zipcode=80021"}
Completed 500 Internal Server Error in 6956ms (ActiveRecord: 0.0ms | Allocations: 211244)


  
SystemExit (exit):
  
(byebug):1:in `exit'
(byebug):1:in `weather_search'
app/services/open_weather_service.rb:5:in `weather_search'
app/controllers/weather_conditions_controller.rb:3:in `index'
Started POST "/weather_conditions" for ::1 at 2020-07-21 13:51:33 -0600
  [1m[35m (0.8ms)[0m  [1m[34mSELECT sqlite_version(*)[0m
  
ActionController::RoutingError (uninitialized constant WeatherConditionsControllerController):
  
actionpack (6.0.3.2) lib/action_dispatch/http/request.rb:92:in `rescue in controller_class_for'
actionpack (6.0.3.2) lib/action_dispatch/http/request.rb:88:in `controller_class_for'
actionpack (6.0.3.2) lib/action_dispatch/http/request.rb:81:in `controller_class'
actionpack (6.0.3.2) lib/action_dispatch/routing/route_set.rb:44:in `controller'
actionpack (6.0.3.2) lib/action_dispatch/routing/route_set.rb:31:in `serve'
actionpack (6.0.3.2) lib/action_dispatch/journey/router.rb:49:in `block in serve'
actionpack (6.0.3.2) lib/action_dispatch/journey/router.rb:32:in `each'
actionpack (6.0.3.2) lib/action_dispatch/journey/router.rb:32:in `serve'
actionpack (6.0.3.2) lib/action_dispatch/routing/route_set.rb:834:in `call'
rack (2.2.3) lib/rack/etag.rb:27:in `call'
rack (2.2.3) lib/rack/conditional_get.rb:40:in `call'
rack (2.2.3) lib/rack/head.rb:12:in `call'
activerecord (6.0.3.2) lib/active_record/migration.rb:567:in `call'
actionpack (6.0.3.2) lib/action_dispatch/middleware/callbacks.rb:27:in `block in call'
activesupport (6.0.3.2) lib/active_support/callbacks.rb:101:in `run_callbacks'
actionpack (6.0.3.2) lib/action_dispatch/middleware/callbacks.rb:26:in `call'
actionpack (6.0.3.2) lib/action_dispatch/middleware/executor.rb:14:in `call'
actionpack (6.0.3.2) lib/action_dispatch/middleware/actionable_exceptions.rb:17:in `call'
actionpack (6.0.3.2) lib/action_dispatch/middleware/debug_exceptions.rb:32:in `call'
actionpack (6.0.3.2) lib/action_dispatch/middleware/show_exceptions.rb:33:in `call'
railties (6.0.3.2) lib/rails/rack/logger.rb:37:in `call_app'
railties (6.0.3.2) lib/rails/rack/logger.rb:26:in `block in call'
activesupport (6.0.3.2) lib/active_support/tagged_logging.rb:80:in `block in tagged'
activesupport (6.0.3.2) lib/active_support/tagged_logging.rb:28:in `tagged'
activesupport (6.0.3.2) lib/active_support/tagged_logging.rb:80:in `tagged'
railties (6.0.3.2) lib/rails/rack/logger.rb:26:in `call'
actionpack (6.0.3.2) lib/action_dispatch/middleware/remote_ip.rb:81:in `call'
actionpack (6.0.3.2) lib/action_dispatch/middleware/request_id.rb:27:in `call'
rack (2.2.3) lib/rack/runtime.rb:22:in `call'
activesupport (6.0.3.2) lib/active_support/cache/strategy/local_cache_middleware.rb:29:in `call'
actionpack (6.0.3.2) lib/action_dispatch/middleware/executor.rb:14:in `call'
actionpack (6.0.3.2) lib/action_dispatch/middleware/static.rb:126:in `call'
rack (2.2.3) lib/rack/sendfile.rb:110:in `call'
actionpack (6.0.3.2) lib/action_dispatch/middleware/host_authorization.rb:82:in `call'
rack-cors (1.1.1) lib/rack/cors.rb:100:in `call'
railties (6.0.3.2) lib/rails/engine.rb:527:in `call'
puma (4.3.5) lib/puma/configuration.rb:228:in `call'
puma (4.3.5) lib/puma/server.rb:713:in `handle_request'
puma (4.3.5) lib/puma/server.rb:472:in `process_client'
puma (4.3.5) lib/puma/server.rb:328:in `block in run'
puma (4.3.5) lib/puma/thread_pool.rb:134:in `block in spawn_thread'
Started POST "/weather_conditions" for ::1 at 2020-07-21 13:54:08 -0600
  [1m[35m (0.3ms)[0m  [1m[34mSELECT sqlite_version(*)[0m
Processing by WeatherConditionsController#get_weather as */*
  Parameters: {"zipcode"=>"80021", "weather_condition"=>{"zipcode"=>"80021"}}
Completed 500 Internal Server Error in 54949ms (ActiveRecord: 0.5ms | Allocations: 52658)


  
SystemExit (exit):
  
(byebug):1:in `exit'
(byebug):1:in `weather_search'
app/services/open_weather_service.rb:5:in `weather_search'
app/controllers/weather_conditions_controller.rb:4:in `get_weather'
Started POST "/weather_conditions" for ::1 at 2020-07-21 14:13:29 -0600
  [1m[35m (1.2ms)[0m  [1m[34mSELECT sqlite_version(*)[0m
Processing by WeatherConditionsController#get_weather as */*
  Parameters: {"zipcode"=>"80021", "weather_condition"=>{"zipcode"=>"80021"}}
Completed 500 Internal Server Error in 137ms (ActiveRecord: 0.2ms | Allocations: 1274)


  
TypeError (no implicit conversion of Excon::Response into String):
  
app/services/open_weather_service.rb:4:in `weather_search'
app/controllers/weather_conditions_controller.rb:4:in `get_weather'
Started POST "/weather_conditions" for ::1 at 2020-07-21 14:14:50 -0600
  [1m[35m (0.1ms)[0m  [1m[34mSELECT sqlite_version(*)[0m
Processing by WeatherConditionsController#get_weather as */*
  Parameters: {"zipcode"=>"80021", "weather_condition"=>{"zipcode"=>"80021"}}
Completed 200 OK in 119ms (Views: 2.5ms | ActiveRecord: 0.7ms | Allocations: 1760)


Started POST "/weather_conditions" for ::1 at 2020-07-21 14:14:56 -0600
Processing by WeatherConditionsController#get_weather as */*
  Parameters: {"zipcode"=>"80021", "weather_condition"=>{"zipcode"=>"80021"}}
Completed 200 OK in 130ms (Views: 0.5ms | ActiveRecord: 0.0ms | Allocations: 1602)


Started POST "/weather_conditions" for ::1 at 2020-07-21 14:16:01 -0600
  [1m[35m (0.1ms)[0m  [1m[34mSELECT sqlite_version(*)[0m
Processing by WeatherConditionsController#get_weather as */*
  Parameters: {"zipcode"=>"80021", "weather_condition"=>{"zipcode"=>"80021"}}
Completed 500 Internal Server Error in 143893ms (ActiveRecord: 0.2ms | Allocations: 151278)


Started POST "/weather_conditions" for ::1 at 2020-07-21 14:18:24 -0600
  
SystemExit (exit):
  
(byebug):1:in `exit'
(byebug):1:in `get_weather'
app/controllers/weather_conditions_controller.rb:6:in `get_weather'
Started POST "/weather_conditions" for ::1 at 2020-07-21 14:18:25 -0600
  [1m[35m (0.8ms)[0m  [1m[34mSELECT sqlite_version(*)[0m
  [1m[35m (0.7ms)[0m  [1m[34mSELECT sqlite_version(*)[0m
Processing by WeatherConditionsController#get_weather as */*
Processing by WeatherConditionsController#get_weather as */*
  Parameters: {"zipcode"=>"80021", "weather_condition"=>{"zipcode"=>"80021"}}
  Parameters: {"zipcode"=>"80021", "weather_condition"=>{"zipcode"=>"80021"}}
Completed 500 Internal Server Error in 5522ms (ActiveRecord: 0.0ms | Allocations: 324089)


  
SystemExit (exit):
  
(byebug):1:in `exit'
(byebug):1:in `get_weather'
app/controllers/weather_conditions_controller.rb:6:in `get_weather'
Completed 500 Internal Server Error in 7636ms (ActiveRecord: 0.0ms | Allocations: 7374046)


  
SystemExit (exit):
  
(byebug):1:in `exit'
(byebug):1:in `get_weather'
app/controllers/weather_conditions_controller.rb:6:in `get_weather'
Started POST "/weather_conditions" for ::1 at 2020-07-21 14:18:56 -0600
  [1m[35m (6.5ms)[0m  [1m[34mSELECT sqlite_version(*)[0m
Processing by WeatherConditionsController#get_weather as */*
  Parameters: {"zipcode"=>"80021", "weather_condition"=>{"zipcode"=>"80021"}}
Completed 200 OK in 125ms (Views: 0.9ms | ActiveRecord: 0.3ms | Allocations: 1737)


Started POST "/weather_conditions" for ::1 at 2020-07-21 14:19:57 -0600
Processing by WeatherConditionsController#get_weather as */*
  Parameters: {"zipcode"=>"80021", "weather_condition"=>{"zipcode"=>"80021"}}
Completed 200 OK in 121ms (Views: 0.6ms | ActiveRecord: 0.0ms | Allocations: 1602)


Started POST "/weather_conditions" for ::1 at 2020-07-21 14:24:59 -0600
Processing by WeatherConditionsController#get_weather as */*
  Parameters: {"zipcode"=>"47302", "weather_condition"=>{"zipcode"=>"47302"}}
Completed 200 OK in 123ms (Views: 0.6ms | ActiveRecord: 0.0ms | Allocations: 1602)


Started POST "/weather_conditions" for ::1 at 2020-07-21 14:26:10 -0600
Processing by WeatherConditionsController#get_weather as */*
  Parameters: {"zipcode"=>"62016", "weather_condition"=>{"zipcode"=>"62016"}}
Completed 200 OK in 144ms (Views: 0.5ms | ActiveRecord: 0.0ms | Allocations: 1602)


Started POST "/weather_conditions" for ::1 at 2020-07-21 14:34:55 -0600
  [1m[35m (0.1ms)[0m  [1m[34mSELECT sqlite_version(*)[0m
Processing by WeatherConditionsController#get_weather as */*
  Parameters: {"zipcode"=>"80021", "weather_condition"=>{"zipcode"=>"80021"}}
Completed 200 OK in 185ms (Views: 1.1ms | ActiveRecord: 0.0ms | Allocations: 1602)


Started POST "/weather_conditions" for ::1 at 2020-07-21 14:37:00 -0600
Processing by WeatherConditionsController#get_weather as */*
  Parameters: {"zipcode"=>"80021", "weather_condition"=>{"zipcode"=>"80021"}}
Completed 200 OK in 120ms (Views: 0.5ms | ActiveRecord: 0.0ms | Allocations: 1600)


Started POST "/weather_conditions" for ::1 at 2020-07-21 14:41:28 -0600
Processing by WeatherConditionsController#get_weather as */*
  Parameters: {"zipcode"=>"80021", "weather_condition"=>{"zipcode"=>"80021"}}
Completed 200 OK in 117ms (Views: 0.6ms | ActiveRecord: 0.0ms | Allocations: 1601)


Started POST "/weather_conditions" for ::1 at 2020-07-21 14:42:10 -0600
Processing by WeatherConditionsController#get_weather as */*
  Parameters: {"zipcode"=>"80021", "weather_condition"=>{"zipcode"=>"80021"}}
Completed 200 OK in 119ms (Views: 0.6ms | ActiveRecord: 0.0ms | Allocations: 1600)


Started POST "/weather_conditions" for ::1 at 2020-07-21 14:43:19 -0600
Processing by WeatherConditionsController#get_weather as */*
  Parameters: {"zipcode"=>"80021", "weather_condition"=>{"zipcode"=>"80021"}}
Completed 200 OK in 125ms (Views: 0.6ms | ActiveRecord: 0.0ms | Allocations: 1601)


Started POST "/weather_conditions" for ::1 at 2020-07-21 14:43:46 -0600
Processing by WeatherConditionsController#get_weather as */*
  Parameters: {"zipcode"=>"80021", "weather_condition"=>{"zipcode"=>"80021"}}
Completed 200 OK in 129ms (Views: 0.5ms | ActiveRecord: 0.0ms | Allocations: 1600)


Started POST "/weather_conditions" for ::1 at 2020-07-21 14:44:43 -0600
Processing by WeatherConditionsController#get_weather as */*
  Parameters: {"zipcode"=>"80021", "weather_condition"=>{"zipcode"=>"80021"}}
Completed 200 OK in 129ms (Views: 0.7ms | ActiveRecord: 0.0ms | Allocations: 1600)


Started POST "/weather_conditions" for ::1 at 2020-07-21 14:44:51 -0600
Processing by WeatherConditionsController#get_weather as */*
  Parameters: {"zipcode"=>"80021", "weather_condition"=>{"zipcode"=>"80021"}}
Completed 200 OK in 127ms (Views: 0.7ms | ActiveRecord: 0.0ms | Allocations: 1600)


Started POST "/weather_conditions" for ::1 at 2020-07-21 14:46:25 -0600
Processing by WeatherConditionsController#get_weather as */*
  Parameters: {"zipcode"=>"80021", "weather_condition"=>{"zipcode"=>"80021"}}
Completed 200 OK in 210ms (Views: 0.5ms | ActiveRecord: 0.0ms | Allocations: 1601)


Started POST "/weather_conditions" for ::1 at 2020-07-21 14:46:53 -0600
Processing by WeatherConditionsController#get_weather as */*
  Parameters: {"zipcode"=>"80021", "weather_condition"=>{"zipcode"=>"80021"}}
Completed 200 OK in 129ms (Views: 0.6ms | ActiveRecord: 0.0ms | Allocations: 1600)


Started POST "/weather_conditions" for ::1 at 2020-07-21 14:48:41 -0600
Processing by WeatherConditionsController#get_weather as */*
  Parameters: {"zipcode"=>"80021", "weather_condition"=>{"zipcode"=>"80021"}}
Completed 200 OK in 142ms (Views: 0.6ms | ActiveRecord: 0.0ms | Allocations: 1600)


Started POST "/weather_conditions" for ::1 at 2020-07-21 14:50:42 -0600
Processing by WeatherConditionsController#get_weather as */*
  Parameters: {"zipcode"=>"80021", "weather_condition"=>{"zipcode"=>"80021"}}
Completed 200 OK in 120ms (Views: 0.5ms | ActiveRecord: 0.0ms | Allocations: 1601)


Started POST "/weather_conditions" for ::1 at 2020-07-21 14:52:16 -0600
  [1m[35m (0.1ms)[0m  [1m[34mSELECT sqlite_version(*)[0m
Processing by WeatherConditionsController#get_weather as */*
  Parameters: {"zipcode"=>"80021", "weather_condition"=>{"zipcode"=>"80021"}}
Completed 500 Internal Server Error in 33814ms (ActiveRecord: 0.4ms | Allocations: 47438)


  
SystemExit (exit):
  
(byebug):1:in `exit'
(byebug):1:in `weather_search'
app/services/open_weather_service.rb:5:in `weather_search'
app/controllers/weather_conditions_controller.rb:4:in `get_weather'
Started POST "/weather_conditions" for ::1 at 2020-07-21 14:53:28 -0600
  [1m[35m (0.7ms)[0m  [1m[34mSELECT sqlite_version(*)[0m
Processing by WeatherConditionsController#get_weather as */*
  Parameters: {"zipcode"=>"80021", "weather_condition"=>{"zipcode"=>"80021"}}
Completed 200 OK in 143ms (Views: 7.3ms | ActiveRecord: 1.7ms | Allocations: 272096)


Started POST "/weather_conditions" for ::1 at 2020-07-21 14:53:52 -0600
Processing by WeatherConditionsController#get_weather as */*
  Parameters: {"zipcode"=>"80021", "weather_condition"=>{"zipcode"=>"80021"}}
Completed 200 OK in 147ms (Views: 7.1ms | ActiveRecord: 0.0ms | Allocations: 283574)


Started POST "/weather_conditions" for ::1 at 2020-07-21 14:54:33 -0600
Processing by WeatherConditionsController#get_weather as */*
  Parameters: {"zipcode"=>"80021", "weather_condition"=>{"zipcode"=>"80021"}}
Completed 200 OK in 172ms (Views: 13.5ms | ActiveRecord: 0.0ms | Allocations: 308102)


Started POST "/weather_conditions" for ::1 at 2020-07-21 14:54:50 -0600
Processing by WeatherConditionsController#get_weather as */*
  Parameters: {"zipcode"=>"80021", "weather_condition"=>{"zipcode"=>"80021"}}
Completed 200 OK in 173ms (Views: 10.0ms | ActiveRecord: 0.0ms | Allocations: 332630)


Started POST "/weather_conditions" for ::1 at 2020-07-21 14:55:44 -0600
Processing by WeatherConditionsController#get_weather as */*
  Parameters: {"zipcode"=>"80021", "weather_condition"=>{"zipcode"=>"80021"}}
Completed 200 OK in 169ms (Views: 9.7ms | ActiveRecord: 0.0ms | Allocations: 333400)


Started POST "/weather_conditions" for ::1 at 2020-07-21 14:57:07 -0600
Processing by WeatherConditionsController#get_weather as */*
  Parameters: {"zipcode"=>"80021", "weather_condition"=>{"zipcode"=>"80021"}}
Completed 200 OK in 176ms (Views: 10.7ms | ActiveRecord: 0.0ms | Allocations: 332630)


Started POST "/weather_conditions" for ::1 at 2020-07-21 15:01:29 -0600
Processing by WeatherConditionsController#get_weather as */*
  Parameters: {"zipcode"=>"80021", "weather_condition"=>{"zipcode"=>"80021"}}
Completed 200 OK in 151ms (Views: 8.2ms | ActiveRecord: 0.0ms | Allocations: 335700)


Started POST "/weather_conditions" for ::1 at 2020-07-21 15:02:40 -0600
Processing by WeatherConditionsController#get_weather as */*
  Parameters: {"zipcode"=>"80021", "weather_condition"=>{"zipcode"=>"80021"}}
Completed 200 OK in 145ms (Views: 10.6ms | ActiveRecord: 0.0ms | Allocations: 332630)


Started POST "/weather_conditions" for ::1 at 2020-07-21 15:06:40 -0600
Processing by WeatherConditionsController#get_weather as */*
  Parameters: {"zipcode"=>"80021", "weather_condition"=>{"zipcode"=>"80021"}}
Completed 200 OK in 191ms (Views: 10.9ms | ActiveRecord: 0.0ms | Allocations: 332994)


Started POST "/weather_conditions" for ::1 at 2020-07-21 15:09:48 -0600
Processing by WeatherConditionsController#get_weather as */*
  Parameters: {"zipcode"=>"80021", "weather_condition"=>{"zipcode"=>"80021"}}
Completed 200 OK in 154ms (Views: 8.7ms | ActiveRecord: 0.0ms | Allocations: 333400)


Started POST "/weather_conditions" for ::1 at 2020-07-21 15:10:26 -0600
Processing by WeatherConditionsController#get_weather as */*
  Parameters: {"zipcode"=>"80021", "weather_condition"=>{"zipcode"=>"80021"}}
Completed 200 OK in 156ms (Views: 7.8ms | ActiveRecord: 0.0ms | Allocations: 332630)


Started POST "/weather_conditions" for ::1 at 2020-07-21 15:11:11 -0600
Processing by WeatherConditionsController#get_weather as */*
  Parameters: {"zipcode"=>"80021", "weather_condition"=>{"zipcode"=>"80021"}}
Completed 200 OK in 150ms (Views: 9.5ms | ActiveRecord: 0.0ms | Allocations: 332630)


Started POST "/weather_conditions" for ::1 at 2020-07-21 15:11:38 -0600
Processing by WeatherConditionsController#get_weather as */*
  Parameters: {"zipcode"=>"80021", "weather_condition"=>{"zipcode"=>"80021"}}
Completed 200 OK in 182ms (Views: 13.8ms | ActiveRecord: 0.0ms | Allocations: 332630)


Started POST "/weather_conditions" for ::1 at 2020-07-21 15:12:12 -0600
Processing by WeatherConditionsController#get_weather as */*
  Parameters: {"zipcode"=>"80021", "weather_condition"=>{"zipcode"=>"80021"}}
Completed 200 OK in 151ms (Views: 8.3ms | ActiveRecord: 0.0ms | Allocations: 332630)


Started POST "/weather_conditions" for ::1 at 2020-07-21 15:13:04 -0600
Processing by WeatherConditionsController#get_weather as */*
  Parameters: {"zipcode"=>"80021", "weather_condition"=>{"zipcode"=>"80021"}}
Completed 200 OK in 155ms (Views: 11.2ms | ActiveRecord: 0.0ms | Allocations: 332630)


Started POST "/weather_conditions" for ::1 at 2020-07-21 15:19:22 -0600
  [1m[35m (3.3ms)[0m  [1m[34mSELECT sqlite_version(*)[0m
Processing by WeatherConditionsController#get_weather as */*
  Parameters: {"zipcode"=>"80021", "weather_condition"=>{"zipcode"=>"80021"}}
Completed 200 OK in 167ms (Views: 14.2ms | ActiveRecord: 0.0ms | Allocations: 332630)


Started POST "/weather_conditions" for ::1 at 2020-07-21 15:22:32 -0600
Processing by WeatherConditionsController#get_weather as */*
  Parameters: {"zipcode"=>"80021", "weather_condition"=>{"zipcode"=>"80021"}}
Completed 200 OK in 187ms (Views: 10.1ms | ActiveRecord: 0.0ms | Allocations: 333115)


Started POST "/weather_conditions" for ::1 at 2020-07-21 15:22:39 -0600
Processing by WeatherConditionsController#get_weather as */*
  Parameters: {"zipcode"=>"80021", "weather_condition"=>{"zipcode"=>"80021"}}
Completed 200 OK in 157ms (Views: 7.7ms | ActiveRecord: 0.0ms | Allocations: 333115)


Started POST "/weather_conditions" for ::1 at 2020-07-21 15:22:45 -0600
Processing by WeatherConditionsController#get_weather as */*
  Parameters: {"zipcode"=>"80863", "weather_condition"=>{"zipcode"=>"80863"}}
Completed 200 OK in 153ms (Views: 11.3ms | ActiveRecord: 0.0ms | Allocations: 332145)


Started POST "/weather_conditions" for ::1 at 2020-07-21 15:23:19 -0600
Processing by WeatherConditionsController#get_weather as */*
  Parameters: {"zipcode"=>"62016", "weather_condition"=>{"zipcode"=>"62016"}}
Completed 200 OK in 296ms (Views: 10.1ms | ActiveRecord: 0.0ms | Allocations: 335516)


